
     FNPOL  3.000 RADIUS=   5.604624E+00
1 polytropic model in hydrostatic balance


 fnpol=  3.00 guess for surface radius= 5.604E+00 alpha= 1.784E-01
   lambda= 1.565E-02 rhobar= 2.387E-01 totmas= 1.000E+00 int. mass= 1.206E+00 diff.=-2.065E-01
  rz0= 1.684E-03 p0= 2.450E-05 rho0= 1.565E-02
 max. g in zone  273 radius = 9.192E-01 mass =  9.516E-01
 Asymptotic frequency for p modes is  0.0000E+00
   Eotvos parameters are   1.000E+00  1.000
   i     xi       theta     dthdr    radius      p        rho        g         rm       dm1       rzone
    1 0.000E+00 1.000E+00 0.000E+00 3.367E-03 2.466E-05 1.573E-02 1.808E-07 1.166E-08 1.760E-08 5.051E-03
    2 1.887E-02 1.002E+00 1.835E-09 6.734E-03 2.497E-05 1.588E-02 4.469E-07 2.918E-08 4.823E-08 8.418E-03
    3 3.774E-02 1.005E+00 1.814E-08 1.010E-02 2.529E-05 1.603E-02 1.167E-06 7.718E-08 9.481E-08 1.178E-02
    4 5.661E-02 1.008E+00 1.066E-07 1.347E-02 2.561E-05 1.618E-02 2.562E-06 1.715E-07 1.578E-07 1.515E-02
    5 7.548E-02 1.011E+00 4.160E-07 1.684E-02 2.594E-05 1.634E-02 4.848E-06 3.286E-07 2.377E-07 1.852E-02
    6 9.435E-02 1.014E+00 1.230E-06 2.020E-02 2.628E-05 1.650E-02 8.234E-06 5.652E-07 3.350E-07 2.189E-02
    7 1.132E-01 1.018E+00 3.008E-06 2.357E-02 2.662E-05 1.666E-02 1.293E-05 8.985E-07 4.501E-07 2.525E-02
    8 1.321E-01 1.021E+00 6.428E-06 2.694E-02 2.698E-05 1.682E-02 1.913E-05 1.346E-06 5.837E-07 2.862E-02
    9 1.510E-01 1.024E+00 1.243E-05 3.030E-02 2.733E-05 1.699E-02 2.705E-05 1.927E-06 7.362E-07 3.199E-02
   10 1.698E-01 1.028E+00 2.223E-05 3.367E-02 2.770E-05 1.716E-02 3.687E-05 2.660E-06 9.081E-07 3.535E-02
   11 1.887E-01 1.031E+00 3.742E-05 3.704E-02 2.807E-05 1.733E-02 4.879E-05 3.563E-06 1.100E-06 3.872E-02
   12 2.076E-01 1.035E+00 5.991E-05 4.040E-02 2.845E-05 1.751E-02 6.300E-05 4.658E-06 1.313E-06 4.209E-02
   13 2.264E-01 1.038E+00 9.205E-05 4.377E-02 2.884E-05 1.769E-02 7.967E-05 5.964E-06 1.547E-06 4.545E-02
   14 2.453E-01 1.042E+00 1.366E-04 4.714E-02 2.923E-05 1.787E-02 9.900E-05 7.503E-06 1.803E-06 4.882E-02
   15 2.642E-01 1.045E+00 1.969E-04 5.051E-02 2.963E-05 1.805E-02 1.212E-04 9.296E-06 2.081E-06 5.219E-02
   16 2.831E-01 1.049E+00 2.766E-04 5.387E-02 3.004E-05 1.824E-02 1.463E-04 1.137E-05 2.382E-06 5.556E-02
   17 3.019E-01 1.052E+00 3.801E-04 5.724E-02 3.046E-05 1.843E-02 1.747E-04 1.374E-05 2.708E-06 5.892E-02
   18 3.208E-01 1.056E+00 5.123E-04 6.061E-02 3.089E-05 1.862E-02 2.064E-04 1.643E-05 3.058E-06 6.229E-02
   19 3.397E-01 1.060E+00 6.786E-04 6.397E-02 3.132E-05 1.882E-02 2.417E-04 1.947E-05 3.433E-06 6.566E-02
   20 3.585E-01 1.063E+00 8.852E-04 6.734E-02 3.177E-05 1.902E-02 2.806E-04 2.288E-05 3.834E-06 6.902E-02
   21 3.774E-01 1.067E+00 1.139E-03 7.071E-02 3.222E-05 1.922E-02 3.234E-04 2.670E-05 4.263E-06 7.239E-02
   22 3.963E-01 1.071E+00 1.447E-03 7.407E-02 3.268E-05 1.943E-02 3.702E-04 3.094E-05 4.718E-06 7.576E-02
   23 4.152E-01 1.075E+00 1.818E-03 7.744E-02 3.316E-05 1.964E-02 4.212E-04 3.563E-05 5.203E-06 7.912E-02
   24 4.340E-01 1.079E+00 2.261E-03 8.081E-02 3.364E-05 1.985E-02 4.766E-04 4.080E-05 5.717E-06 8.249E-02
   25 4.529E-01 1.082E+00 2.785E-03 8.418E-02 3.413E-05 2.007E-02 5.364E-04 4.649E-05 6.260E-06 8.586E-02
   26 4.718E-01 1.086E+00 3.402E-03 8.754E-02 3.463E-05 2.029E-02 6.010E-04 5.271E-05 6.835E-06 8.923E-02
   27 4.906E-01 1.090E+00 4.122E-03 9.091E-02 3.514E-05 2.051E-02 6.703E-04 5.950E-05 7.442E-06 9.259E-02
   28 5.095E-01 1.094E+00 4.959E-03 9.428E-02 3.567E-05 2.074E-02 7.447E-04 6.690E-05 8.083E-06 9.596E-02
   29 5.284E-01 1.098E+00 5.924E-03 9.764E-02 3.620E-05 2.098E-02 8.241E-04 7.493E-05 8.757E-06 9.933E-02
   30 5.473E-01 1.103E+00 7.033E-03 1.010E-01 3.675E-05 2.121E-02 9.089E-04 8.364E-05 9.466E-06 1.027E-01
   31 5.661E-01 1.107E+00 8.300E-03 1.044E-01 3.730E-05 2.145E-02 9.991E-04 9.304E-05 1.021E-05 1.061E-01
   32 5.850E-01 1.111E+00 9.743E-03 1.077E-01 3.787E-05 2.170E-02 1.095E-03 1.032E-04 1.099E-05 1.094E-01
   33 6.039E-01 1.115E+00 1.138E-02 1.111E-01 3.845E-05 2.194E-02 1.196E-03 1.141E-04 1.181E-05 1.128E-01
   34 6.227E-01 1.119E+00 1.322E-02 1.145E-01 3.904E-05 2.220E-02 1.304E-03 1.258E-04 1.267E-05 1.162E-01
   35 6.416E-01 1.124E+00 1.529E-02 1.178E-01 3.964E-05 2.245E-02 1.417E-03 1.384E-04 1.357E-05 1.195E-01
   36 6.605E-01 1.128E+00 1.762E-02 1.212E-01 4.026E-05 2.272E-02 1.537E-03 1.519E-04 1.452E-05 1.229E-01
   37 6.793E-01 1.132E+00 2.021E-02 1.246E-01 4.089E-05 2.298E-02 1.663E-03 1.663E-04 1.550E-05 1.263E-01
   38 6.982E-01 1.137E+00 2.310E-02 1.279E-01 4.153E-05 2.325E-02 1.796E-03 1.817E-04 1.653E-05 1.296E-01
   39 7.171E-01 1.141E+00 2.631E-02 1.313E-01 4.219E-05 2.353E-02 1.935E-03 1.981E-04 1.761E-05 1.330E-01
   40 7.360E-01 1.146E+00 2.987E-02 1.347E-01 4.286E-05 2.381E-02 2.081E-03 2.156E-04 1.873E-05 1.364E-01
   41 7.548E-01 1.150E+00 3.379E-02 1.380E-01 4.354E-05 2.409E-02 2.234E-03 2.342E-04 1.990E-05 1.397E-01
   42 7.737E-01 1.155E+00 3.811E-02 1.414E-01 4.424E-05 2.438E-02 2.394E-03 2.540E-04 2.112E-05 1.431E-01
   43 7.926E-01 1.159E+00 4.286E-02 1.448E-01 4.495E-05 2.467E-02 2.562E-03 2.749E-04 2.240E-05 1.465E-01
   44 8.114E-01 1.164E+00 4.807E-02 1.481E-01 4.568E-05 2.497E-02 2.737E-03 2.972E-04 2.372E-05 1.498E-01
   45 8.303E-01 1.169E+00 5.376E-02 1.515E-01 4.643E-05 2.528E-02 2.919E-03 3.207E-04 2.510E-05 1.532E-01
   46 8.492E-01 1.173E+00 5.999E-02 1.549E-01 4.719E-05 2.559E-02 3.110E-03 3.456E-04 2.654E-05 1.566E-01
   47 8.681E-01 1.178E+00 6.677E-02 1.582E-01 4.796E-05 2.590E-02 3.308E-03 3.719E-04 2.803E-05 1.599E-01
   48 8.869E-01 1.183E+00 7.414E-02 1.616E-01 4.875E-05 2.622E-02 3.514E-03 3.997E-04 2.959E-05 1.633E-01
   49 9.058E-01 1.188E+00 8.216E-02 1.650E-01 4.956E-05 2.655E-02 3.729E-03 4.290E-04 3.120E-05 1.667E-01
   50 9.247E-01 1.193E+00 9.084E-02 1.684E-01 5.039E-05 2.688E-02 3.952E-03 4.600E-04 3.288E-05 1.700E-01
   51 9.435E-01 1.198E+00 1.002E-01 1.717E-01 5.123E-05 2.722E-02 4.183E-03 4.926E-04 3.463E-05 1.734E-01
   52 9.624E-01 1.203E+00 1.104E-01 1.751E-01 5.210E-05 2.756E-02 4.423E-03 5.269E-04 3.644E-05 1.768E-01
   53 9.813E-01 1.208E+00 1.214E-01 1.785E-01 5.298E-05 2.791E-02 4.672E-03 5.630E-04 3.832E-05 1.801E-01
   54 1.000E+00 1.213E+00 1.332E-01 1.818E-01 5.388E-05 2.826E-02 4.931E-03 6.009E-04 4.027E-05 1.835E-01
   55 1.019E+00 1.218E+00 1.459E-01 1.852E-01 5.480E-05 2.862E-02 5.198E-03 6.408E-04 4.229E-05 1.869E-01
   56 1.038E+00 1.223E+00 1.596E-01 1.886E-01 5.574E-05 2.899E-02 5.475E-03 6.827E-04 4.439E-05 1.902E-01
   57 1.057E+00 1.228E+00 1.742E-01 1.919E-01 5.670E-05 2.937E-02 5.761E-03 7.266E-04 4.657E-05 1.936E-01
   58 1.076E+00 1.233E+00 1.899E-01 1.953E-01 5.768E-05 2.975E-02 6.057E-03 7.727E-04 4.883E-05 1.970E-01
   59 1.095E+00 1.239E+00 2.068E-01 1.987E-01 5.868E-05 3.013E-02 6.364E-03 8.210E-04 5.117E-05 2.003E-01
   60 1.113E+00 1.244E+00 2.248E-01 2.020E-01 5.970E-05 3.052E-02 6.680E-03 8.717E-04 5.359E-05 2.037E-01
   61 1.132E+00 1.249E+00 2.440E-01 2.054E-01 6.075E-05 3.093E-02 7.007E-03 9.247E-04 5.611E-05 2.071E-01
   62 1.151E+00 1.255E+00 2.645E-01 2.088E-01 6.181E-05 3.133E-02 7.344E-03 9.802E-04 5.871E-05 2.104E-01
   63 1.170E+00 1.260E+00 2.864E-01 2.121E-01 6.291E-05 3.175E-02 7.691E-03 1.038E-03 6.140E-05 2.138E-01
   64 1.189E+00 1.266E+00 3.098E-01 2.155E-01 6.402E-05 3.217E-02 8.050E-03 1.099E-03 6.419E-05 2.172E-01
   65 1.208E+00 1.271E+00 3.346E-01 2.189E-01 6.516E-05 3.260E-02 8.420E-03 1.162E-03 6.708E-05 2.205E-01
   66 1.227E+00 1.277E+00 3.610E-01 2.222E-01 6.633E-05 3.303E-02 8.801E-03 1.229E-03 7.007E-05 2.239E-01
   67 1.245E+00 1.283E+00 3.890E-01 2.256E-01 6.752E-05 3.348E-02 9.193E-03 1.298E-03 7.316E-05 2.273E-01
   68 1.264E+00 1.288E+00 4.188E-01 2.290E-01 6.874E-05 3.393E-02 9.598E-03 1.370E-03 7.636E-05 2.306E-01
   69 1.283E+00 1.294E+00 4.503E-01 2.323E-01 6.998E-05 3.439E-02 1.001E-02 1.445E-03 7.967E-05 2.340E-01
   70 1.302E+00 1.300E+00 4.838E-01 2.357E-01 7.125E-05 3.486E-02 1.044E-02 1.524E-03 8.310E-05 2.374E-01
   71 1.321E+00 1.306E+00 5.192E-01 2.391E-01 7.255E-05 3.533E-02 1.088E-02 1.606E-03 8.664E-05 2.407E-01
   72 1.340E+00 1.312E+00 5.567E-01 2.424E-01 7.388E-05 3.581E-02 1.134E-02 1.692E-03 9.030E-05 2.441E-01
   73 1.359E+00 1.318E+00 5.963E-01 2.458E-01 7.524E-05 3.631E-02 1.180E-02 1.781E-03 9.408E-05 2.475E-01
   74 1.378E+00 1.324E+00 6.381E-01 2.492E-01 7.663E-05 3.681E-02 1.228E-02 1.873E-03 9.800E-05 2.508E-01
   75 1.396E+00 1.330E+00 6.824E-01 2.525E-01 7.805E-05 3.732E-02 1.277E-02 1.970E-03 1.020E-04 2.542E-01
   76 1.415E+00 1.336E+00 7.290E-01 2.559E-01 7.950E-05 3.784E-02 1.328E-02 2.071E-03 1.062E-04 2.576E-01
   77 1.434E+00 1.342E+00 7.782E-01 2.593E-01 8.098E-05 3.837E-02 1.380E-02 2.175E-03 1.105E-04 2.609E-01
   78 1.453E+00 1.348E+00 8.300E-01 2.626E-01 8.250E-05 3.890E-02 1.433E-02 2.284E-03 1.150E-04 2.643E-01
   79 1.472E+00 1.355E+00 8.846E-01 2.660E-01 8.405E-05 3.945E-02 1.488E-02 2.397E-03 1.196E-04 2.677E-01
   80 1.491E+00 1.361E+00 9.421E-01 2.694E-01 8.563E-05 4.001E-02 1.544E-02 2.515E-03 1.244E-04 2.710E-01
   81 1.510E+00 1.367E+00 1.003E+00 2.727E-01 8.725E-05 4.058E-02 1.601E-02 2.637E-03 1.293E-04 2.744E-01
   82 1.529E+00 1.374E+00 1.066E+00 2.761E-01 8.891E-05 4.115E-02 1.661E-02 2.764E-03 1.344E-04 2.778E-01
   83 1.547E+00 1.380E+00 1.133E+00 2.795E-01 9.061E-05 4.174E-02 1.721E-02 2.896E-03 1.396E-04 2.811E-01
   84 1.566E+00 1.387E+00 1.203E+00 2.828E-01 9.234E-05 4.234E-02 1.783E-02 3.034E-03 1.450E-04 2.845E-01
   85 1.585E+00 1.393E+00 1.277E+00 2.862E-01 9.411E-05 4.295E-02 1.847E-02 3.176E-03 1.506E-04 2.879E-01
   86 1.604E+00 1.400E+00 1.354E+00 2.896E-01 9.593E-05 4.356E-02 1.913E-02 3.324E-03 1.564E-04 2.912E-01
   87 1.623E+00 1.407E+00 1.435E+00 2.929E-01 9.778E-05 4.419E-02 1.980E-02 3.478E-03 1.623E-04 2.946E-01
   88 1.642E+00 1.413E+00 1.520E+00 2.963E-01 9.968E-05 4.484E-02 2.048E-02 3.637E-03 1.684E-04 2.980E-01
   89 1.661E+00 1.420E+00 1.609E+00 2.997E-01 1.016E-04 4.549E-02 2.119E-02 3.802E-03 1.748E-04 3.013E-01
   90 1.680E+00 1.427E+00 1.703E+00 3.030E-01 1.036E-04 4.615E-02 2.191E-02 3.974E-03 1.813E-04 3.047E-01
   91 1.698E+00 1.434E+00 1.801E+00 3.064E-01 1.056E-04 4.683E-02 2.264E-02 4.151E-03 1.881E-04 3.081E-01
   92 1.717E+00 1.441E+00 1.903E+00 3.098E-01 1.077E-04 4.752E-02 2.340E-02 4.336E-03 1.950E-04 3.114E-01
   93 1.736E+00 1.448E+00 2.010E+00 3.131E-01 1.098E-04 4.822E-02 2.417E-02 4.527E-03 2.022E-04 3.148E-01
   94 1.755E+00 1.455E+00 2.122E+00 3.165E-01 1.120E-04 4.894E-02 2.497E-02 4.725E-03 2.096E-04 3.182E-01
   95 1.774E+00 1.462E+00 2.239E+00 3.199E-01 1.142E-04 4.966E-02 2.578E-02 4.930E-03 2.173E-04 3.215E-01
   96 1.793E+00 1.469E+00 2.361E+00 3.232E-01 1.165E-04 5.040E-02 2.661E-02 5.142E-03 2.251E-04 3.249E-01
   97 1.812E+00 1.477E+00 2.488E+00 3.266E-01 1.188E-04 5.116E-02 2.746E-02 5.363E-03 2.333E-04 3.283E-01
   98 1.830E+00 1.484E+00 2.622E+00 3.300E-01 1.212E-04 5.193E-02 2.833E-02 5.591E-03 2.417E-04 3.316E-01
   99 1.849E+00 1.491E+00 2.761E+00 3.333E-01 1.237E-04 5.271E-02 2.922E-02 5.827E-03 2.503E-04 3.350E-01
  100 1.868E+00 1.499E+00 2.906E+00 3.367E-01 1.262E-04 5.350E-02 3.013E-02 6.071E-03 2.592E-04 3.384E-01
  101 1.887E+00 1.506E+00 3.057E+00 3.401E-01 1.287E-04 5.432E-02 3.106E-02 6.324E-03 2.684E-04 3.418E-01
  102 1.906E+00 1.514E+00 3.215E+00 3.434E-01 1.313E-04 5.514E-02 3.201E-02 6.586E-03 2.779E-04 3.451E-01
  103 1.925E+00 1.522E+00 3.380E+00 3.468E-01 1.340E-04 5.598E-02 3.299E-02 6.857E-03 2.877E-04 3.485E-01
  104 1.944E+00 1.529E+00 3.551E+00 3.502E-01 1.368E-04 5.684E-02 3.398E-02 7.138E-03 2.977E-04 3.519E-01
  105 1.963E+00 1.537E+00 3.730E+00 3.535E-01 1.396E-04 5.771E-02 3.500E-02 7.428E-03 3.081E-04 3.552E-01
  106 1.981E+00 1.545E+00 3.916E+00 3.569E-01 1.424E-04 5.860E-02 3.604E-02 7.728E-03 3.188E-04 3.586E-01
  107 2.000E+00 1.553E+00 4.109E+00 3.603E-01 1.454E-04 5.950E-02 3.711E-02 8.039E-03 3.298E-04 3.620E-01
  108 2.019E+00 1.561E+00 4.311E+00 3.636E-01 1.484E-04 6.043E-02 3.820E-02 8.360E-03 3.412E-04 3.653E-01
  109 2.038E+00 1.569E+00 4.521E+00 3.670E-01 1.515E-04 6.137E-02 3.931E-02 8.692E-03 3.529E-04 3.687E-01
  110 2.057E+00 1.577E+00 4.739E+00 3.704E-01 1.546E-04 6.232E-02 4.045E-02 9.035E-03 3.650E-04 3.721E-01
  111 2.076E+00 1.585E+00 4.966E+00 3.737E-01 1.579E-04 6.330E-02 4.161E-02 9.389E-03 3.775E-04 3.754E-01
  112 2.095E+00 1.593E+00 5.202E+00 3.771E-01 1.612E-04 6.429E-02 4.280E-02 9.756E-03 3.903E-04 3.788E-01
  113 2.114E+00 1.601E+00 5.448E+00 3.805E-01 1.646E-04 6.530E-02 4.401E-02 1.013E-02 4.035E-04 3.822E-01
  114 2.132E+00 1.610E+00 5.703E+00 3.838E-01 1.680E-04 6.633E-02 4.525E-02 1.053E-02 4.171E-04 3.855E-01
  115 2.151E+00 1.618E+00 5.968E+00 3.872E-01 1.716E-04 6.738E-02 4.652E-02 1.093E-02 4.312E-04 3.889E-01
  116 2.170E+00 1.627E+00 6.243E+00 3.906E-01 1.752E-04 6.845E-02 4.782E-02 1.135E-02 4.456E-04 3.923E-01
  117 2.189E+00 1.635E+00 6.529E+00 3.939E-01 1.790E-04 6.954E-02 4.914E-02 1.178E-02 4.605E-04 3.956E-01
  118 2.208E+00 1.644E+00 6.826E+00 3.973E-01 1.828E-04 7.065E-02 5.049E-02 1.223E-02 4.759E-04 3.990E-01
  119 2.227E+00 1.653E+00 7.134E+00 4.007E-01 1.867E-04 7.178E-02 5.187E-02 1.269E-02 4.917E-04 4.024E-01
  120 2.246E+00 1.661E+00 7.454E+00 4.040E-01 1.907E-04 7.294E-02 5.328E-02 1.316E-02 5.080E-04 4.057E-01
  121 2.264E+00 1.670E+00 7.786E+00 4.074E-01 1.948E-04 7.411E-02 5.472E-02 1.365E-02 5.248E-04 4.091E-01
  122 2.283E+00 1.679E+00 8.130E+00 4.108E-01 1.990E-04 7.531E-02 5.620E-02 1.416E-02 5.421E-04 4.125E-01
  123 2.302E+00 1.688E+00 8.487E+00 4.141E-01 2.033E-04 7.653E-02 5.770E-02 1.468E-02 5.599E-04 4.158E-01
  124 2.321E+00 1.697E+00 8.858E+00 4.175E-01 2.078E-04 7.777E-02 5.923E-02 1.522E-02 5.783E-04 4.192E-01
  125 2.340E+00 1.706E+00 9.242E+00 4.209E-01 2.123E-04 7.904E-02 6.080E-02 1.578E-02 5.972E-04 4.226E-01
  126 2.359E+00 1.716E+00 9.640E+00 4.242E-01 2.169E-04 8.034E-02 6.240E-02 1.636E-02 6.166E-04 4.259E-01
  127 2.378E+00 1.725E+00 1.005E+01 4.276E-01 2.217E-04 8.165E-02 6.404E-02 1.695E-02 6.367E-04 4.293E-01
  128 2.397E+00 1.734E+00 1.048E+01 4.310E-01 2.266E-04 8.300E-02 6.571E-02 1.756E-02 6.574E-04 4.327E-01
  129 2.415E+00 1.744E+00 1.092E+01 4.343E-01 2.316E-04 8.437E-02 6.741E-02 1.819E-02 6.787E-04 4.360E-01
  130 2.434E+00 1.753E+00 1.138E+01 4.377E-01 2.367E-04 8.576E-02 6.915E-02 1.885E-02 7.006E-04 4.394E-01
  131 2.453E+00 1.763E+00 1.186E+01 4.411E-01 2.419E-04 8.719E-02 7.093E-02 1.952E-02 7.232E-04 4.428E-01
  132 2.472E+00 1.773E+00 1.235E+01 4.444E-01 2.473E-04 8.864E-02 7.274E-02 2.021E-02 7.464E-04 4.461E-01
  133 2.491E+00 1.782E+00 1.286E+01 4.478E-01 2.528E-04 9.012E-02 7.459E-02 2.093E-02 7.704E-04 4.495E-01
  134 2.510E+00 1.792E+00 1.339E+01 4.512E-01 2.585E-04 9.163E-02 7.649E-02 2.167E-02 7.951E-04 4.529E-01
  135 2.529E+00 1.802E+00 1.394E+01 4.545E-01 2.643E-04 9.317E-02 7.842E-02 2.243E-02 8.205E-04 4.562E-01
  136 2.548E+00 1.812E+00 1.450E+01 4.579E-01 2.703E-04 9.473E-02 8.039E-02 2.322E-02 8.467E-04 4.596E-01
  137 2.566E+00 1.822E+00 1.509E+01 4.613E-01 2.764E-04 9.634E-02 8.240E-02 2.403E-02 8.736E-04 4.630E-01
  138 2.585E+00 1.833E+00 1.569E+01 4.646E-01 2.826E-04 9.797E-02 8.445E-02 2.486E-02 9.014E-04 4.663E-01
  139 2.604E+00 1.843E+00 1.632E+01 4.680E-01 2.890E-04 9.963E-02 8.655E-02 2.572E-02 9.300E-04 4.697E-01
  140 2.623E+00 1.853E+00 1.697E+01 4.714E-01 2.956E-04 1.013E-01 8.869E-02 2.661E-02 9.595E-04 4.731E-01
  141 2.642E+00 1.864E+00 1.764E+01 4.747E-01 3.024E-04 1.031E-01 9.087E-02 2.752E-02 9.898E-04 4.764E-01
  142 2.661E+00 1.874E+00 1.833E+01 4.781E-01 3.093E-04 1.048E-01 9.310E-02 2.847E-02 1.021E-03 4.798E-01
  143 2.680E+00 1.885E+00 1.905E+01 4.815E-01 3.164E-04 1.066E-01 9.538E-02 2.944E-02 1.053E-03 4.832E-01
  144 2.699E+00 1.896E+00 1.979E+01 4.848E-01 3.237E-04 1.085E-01 9.770E-02 3.044E-02 1.086E-03 4.865E-01
  145 2.717E+00 1.907E+00 2.056E+01 4.882E-01 3.312E-04 1.103E-01 1.001E-01 3.147E-02 1.121E-03 4.899E-01
  146 2.736E+00 1.917E+00 2.135E+01 4.916E-01 3.389E-04 1.123E-01 1.025E-01 3.254E-02 1.156E-03 4.933E-01
  147 2.755E+00 1.928E+00 2.217E+01 4.949E-01 3.468E-04 1.142E-01 1.050E-01 3.364E-02 1.192E-03 4.966E-01
  148 2.774E+00 1.940E+00 2.301E+01 4.983E-01 3.549E-04 1.162E-01 1.075E-01 3.477E-02 1.229E-03 5.000E-01
  149 2.793E+00 1.951E+00 2.389E+01 5.017E-01 3.632E-04 1.182E-01 1.101E-01 3.593E-02 1.268E-03 5.034E-01
  150 2.812E+00 1.962E+00 2.479E+01 5.051E-01 3.717E-04 1.203E-01 1.127E-01 3.713E-02 1.307E-03 5.067E-01
  151 2.831E+00 1.974E+00 2.573E+01 5.084E-01 3.804E-04 1.224E-01 1.154E-01 3.837E-02 1.348E-03 5.101E-01
  152 2.849E+00 1.985E+00 2.669E+01 5.118E-01 3.894E-04 1.246E-01 1.181E-01 3.964E-02 1.390E-03 5.135E-01
  153 2.868E+00 1.997E+00 2.769E+01 5.152E-01 3.986E-04 1.268E-01 1.209E-01 4.095E-02 1.433E-03 5.168E-01
  154 2.887E+00 2.008E+00 2.872E+01 5.185E-01 4.081E-04 1.290E-01 1.237E-01 4.231E-02 1.477E-03 5.202E-01
  155 2.906E+00 2.020E+00 2.978E+01 5.219E-01 4.178E-04 1.313E-01 1.266E-01 4.370E-02 1.523E-03 5.236E-01
  156 2.925E+00 2.032E+00 3.087E+01 5.253E-01 4.277E-04 1.337E-01 1.296E-01 4.513E-02 1.570E-03 5.269E-01
  157 2.944E+00 2.044E+00 3.201E+01 5.286E-01 4.380E-04 1.361E-01 1.326E-01 4.661E-02 1.619E-03 5.303E-01
  158 2.963E+00 2.056E+00 3.318E+01 5.320E-01 4.485E-04 1.385E-01 1.357E-01 4.813E-02 1.669E-03 5.337E-01
  159 2.982E+00 2.068E+00 3.438E+01 5.354E-01 4.593E-04 1.410E-01 1.389E-01 4.970E-02 1.721E-03 5.370E-01
  160 3.000E+00 2.081E+00 3.563E+01 5.387E-01 4.704E-04 1.435E-01 1.421E-01 5.132E-02 1.774E-03 5.404E-01
  161 3.019E+00 2.093E+00 3.692E+01 5.421E-01 4.818E-04 1.461E-01 1.454E-01 5.298E-02 1.828E-03 5.438E-01
  162 3.038E+00 2.106E+00 3.824E+01 5.455E-01 4.934E-04 1.488E-01 1.487E-01 5.469E-02 1.885E-03 5.471E-01
  163 3.057E+00 2.118E+00 3.961E+01 5.488E-01 5.055E-04 1.515E-01 1.522E-01 5.645E-02 1.943E-03 5.505E-01
  164 3.076E+00 2.131E+00 4.103E+01 5.522E-01 5.178E-04 1.543E-01 1.557E-01 5.827E-02 2.002E-03 5.539E-01
  165 3.095E+00 2.144E+00 4.248E+01 5.556E-01 5.305E-04 1.571E-01 1.592E-01 6.014E-02 2.064E-03 5.572E-01
  166 3.114E+00 2.157E+00 4.399E+01 5.589E-01 5.435E-04 1.600E-01 1.629E-01 6.206E-02 2.127E-03 5.606E-01
  167 3.133E+00 2.170E+00 4.554E+01 5.623E-01 5.569E-04 1.629E-01 1.666E-01 6.405E-02 2.193E-03 5.640E-01
  168 3.151E+00 2.183E+00 4.714E+01 5.657E-01 5.706E-04 1.659E-01 1.704E-01 6.609E-02 2.260E-03 5.673E-01
  169 3.170E+00 2.197E+00 4.879E+01 5.690E-01 5.847E-04 1.690E-01 1.742E-01 6.819E-02 2.329E-03 5.707E-01
  170 3.189E+00 2.210E+00 5.050E+01 5.724E-01 5.992E-04 1.721E-01 1.782E-01 7.035E-02 2.400E-03 5.741E-01
  171 3.208E+00 2.224E+00 5.225E+01 5.758E-01 6.141E-04 1.753E-01 1.822E-01 7.258E-02 2.474E-03 5.774E-01
  172 3.227E+00 2.237E+00 5.407E+01 5.791E-01 6.294E-04 1.786E-01 1.863E-01 7.487E-02 2.549E-03 5.808E-01
  173 3.246E+00 2.251E+00 5.594E+01 5.825E-01 6.452E-04 1.819E-01 1.905E-01 7.723E-02 2.627E-03 5.842E-01
  174 3.265E+00 2.265E+00 5.786E+01 5.859E-01 6.613E-04 1.853E-01 1.948E-01 7.966E-02 2.707E-03 5.875E-01
  175 3.284E+00 2.279E+00 5.985E+01 5.892E-01 6.780E-04 1.888E-01 1.992E-01 8.216E-02 2.790E-03 5.909E-01
  176 3.302E+00 2.294E+00 6.190E+01 5.926E-01 6.950E-04 1.924E-01 2.036E-01 8.473E-02 2.875E-03 5.943E-01
  177 3.321E+00 2.308E+00 6.401E+01 5.960E-01 7.126E-04 1.960E-01 2.082E-01 8.738E-02 2.962E-03 5.976E-01
  178 3.340E+00 2.322E+00 6.619E+01 5.993E-01 7.306E-04 1.997E-01 2.128E-01 9.011E-02 3.053E-03 6.010E-01
  179 3.359E+00 2.337E+00 6.843E+01 6.027E-01 7.492E-04 2.035E-01 2.176E-01 9.292E-02 3.145E-03 6.044E-01
  180 3.378E+00 2.351E+00 7.074E+01 6.061E-01 7.682E-04 2.074E-01 2.224E-01 9.581E-02 3.241E-03 6.077E-01
  181 3.397E+00 2.366E+00 7.313E+01 6.094E-01 7.878E-04 2.113E-01 2.274E-01 9.878E-02 3.339E-03 6.111E-01
  182 3.416E+00 2.381E+00 7.559E+01 6.128E-01 8.079E-04 2.154E-01 2.324E-01 1.018E-01 3.441E-03 6.145E-01
  183 3.434E+00 2.396E+00 7.812E+01 6.162E-01 8.286E-04 2.195E-01 2.376E-01 1.050E-01 3.545E-03 6.178E-01
  184 3.453E+00 2.412E+00 8.073E+01 6.195E-01 8.499E-04 2.237E-01 2.428E-01 1.082E-01 3.653E-03 6.212E-01
  185 3.472E+00 2.427E+00 8.342E+01 6.229E-01 8.717E-04 2.280E-01 2.482E-01 1.116E-01 3.763E-03 6.246E-01
  186 3.491E+00 2.442E+00 8.619E+01 6.263E-01 8.942E-04 2.324E-01 2.536E-01 1.150E-01 3.877E-03 6.279E-01
  187 3.510E+00 2.458E+00 8.904E+01 6.296E-01 9.173E-04 2.369E-01 2.592E-01 1.185E-01 3.995E-03 6.313E-01
  188 3.529E+00 2.474E+00 9.198E+01 6.330E-01 9.410E-04 2.415E-01 2.649E-01 1.221E-01 4.116E-03 6.347E-01
  189 3.548E+00 2.489E+00 9.501E+01 6.364E-01 9.654E-04 2.461E-01 2.707E-01 1.259E-01 4.240E-03 6.380E-01
  190 3.567E+00 2.505E+00 9.814E+01 6.397E-01 9.904E-04 2.509E-01 2.767E-01 1.297E-01 4.368E-03 6.414E-01
  191 3.585E+00 2.521E+00 1.014E+02 6.431E-01 1.016E-03 2.558E-01 2.827E-01 1.337E-01 4.500E-03 6.448E-01
  192 3.604E+00 2.538E+00 1.047E+02 6.465E-01 1.043E-03 2.608E-01 2.889E-01 1.377E-01 4.635E-03 6.481E-01
  193 3.623E+00 2.554E+00 1.081E+02 6.498E-01 1.070E-03 2.658E-01 2.952E-01 1.419E-01 4.775E-03 6.515E-01
  194 3.642E+00 2.571E+00 1.116E+02 6.532E-01 1.098E-03 2.710E-01 3.017E-01 1.462E-01 4.918E-03 6.549E-01
  195 3.661E+00 2.587E+00 1.152E+02 6.566E-01 1.126E-03 2.763E-01 3.082E-01 1.507E-01 5.066E-03 6.582E-01
  196 3.680E+00 2.604E+00 1.189E+02 6.599E-01 1.156E-03 2.817E-01 3.149E-01 1.552E-01 5.218E-03 6.616E-01
  197 3.699E+00 2.621E+00 1.228E+02 6.633E-01 1.186E-03 2.872E-01 3.218E-01 1.599E-01 5.374E-03 6.650E-01
  198 3.718E+00 2.638E+00 1.267E+02 6.667E-01 1.217E-03 2.929E-01 3.287E-01 1.647E-01 5.535E-03 6.684E-01
  199 3.736E+00 2.655E+00 1.308E+02 6.700E-01 1.249E-03 2.986E-01 3.359E-01 1.697E-01 5.700E-03 6.717E-01
  200 3.755E+00 2.672E+00 1.350E+02 6.734E-01 1.282E-03 3.044E-01 3.431E-01 1.747E-01 5.870E-03 6.751E-01
  201 3.774E+00 2.689E+00 1.393E+02 6.768E-01 1.315E-03 3.104E-01 3.505E-01 1.800E-01 6.045E-03 6.785E-01
  202 3.793E+00 2.707E+00 1.437E+02 6.801E-01 1.350E-03 3.165E-01 3.581E-01 1.854E-01 6.225E-03 6.818E-01
  203 3.812E+00 2.724E+00 1.483E+02 6.835E-01 1.385E-03 3.227E-01 3.658E-01 1.909E-01 6.409E-03 6.852E-01
  204 3.831E+00 2.742E+00 1.530E+02 6.869E-01 1.421E-03 3.290E-01 3.737E-01 1.966E-01 6.599E-03 6.886E-01
  205 3.850E+00 2.760E+00 1.578E+02 6.902E-01 1.458E-03 3.354E-01 3.817E-01 2.024E-01 6.794E-03 6.919E-01
  206 3.869E+00 2.778E+00 1.628E+02 6.936E-01 1.496E-03 3.419E-01 3.899E-01 2.084E-01 6.994E-03 6.953E-01
  207 3.887E+00 2.796E+00 1.679E+02 6.970E-01 1.535E-03 3.486E-01 3.982E-01 2.146E-01 7.200E-03 6.987E-01
  208 3.906E+00 2.814E+00 1.731E+02 7.003E-01 1.575E-03 3.554E-01 4.067E-01 2.210E-01 7.410E-03 7.020E-01
  209 3.925E+00 2.832E+00 1.786E+02 7.037E-01 1.616E-03 3.623E-01 4.154E-01 2.275E-01 7.627E-03 7.054E-01
  210 3.944E+00 2.850E+00 1.841E+02 7.071E-01 1.658E-03 3.693E-01 4.242E-01 2.342E-01 7.849E-03 7.088E-01
  211 3.963E+00 2.868E+00 1.898E+02 7.104E-01 1.701E-03 3.764E-01 4.333E-01 2.411E-01 8.076E-03 7.121E-01
  212 3.982E+00 2.886E+00 1.957E+02 7.138E-01 1.744E-03 3.836E-01 4.425E-01 2.482E-01 8.309E-03 7.155E-01
  213 4.001E+00 2.905E+00 2.018E+02 7.172E-01 1.789E-03 3.910E-01 4.518E-01 2.554E-01 8.548E-03 7.189E-01
  214 4.019E+00 2.923E+00 2.080E+02 7.205E-01 1.835E-03 3.984E-01 4.614E-01 2.629E-01 8.792E-03 7.222E-01
  215 4.038E+00 2.942E+00 2.144E+02 7.239E-01 1.881E-03 4.059E-01 4.711E-01 2.705E-01 9.043E-03 7.256E-01
  216 4.057E+00 2.960E+00 2.210E+02 7.273E-01 1.928E-03 4.136E-01 4.810E-01 2.784E-01 9.298E-03 7.290E-01
  217 4.076E+00 2.978E+00 2.277E+02 7.306E-01 1.977E-03 4.213E-01 4.911E-01 2.865E-01 9.560E-03 7.323E-01
  218 4.095E+00 2.997E+00 2.346E+02 7.340E-01 2.026E-03 4.291E-01 5.013E-01 2.947E-01 9.827E-03 7.357E-01
  219 4.114E+00 3.015E+00 2.418E+02 7.374E-01 2.075E-03 4.370E-01 5.118E-01 3.032E-01 1.010E-02 7.391E-01
  220 4.133E+00 3.034E+00 2.491E+02 7.407E-01 2.126E-03 4.450E-01 5.224E-01 3.119E-01 1.038E-02 7.424E-01
  221 4.152E+00 3.052E+00 2.566E+02 7.441E-01 2.177E-03 4.530E-01 5.332E-01 3.209E-01 1.066E-02 7.458E-01
  222 4.170E+00 3.070E+00 2.643E+02 7.475E-01 2.229E-03 4.611E-01 5.442E-01 3.300E-01 1.095E-02 7.492E-01
  223 4.189E+00 3.088E+00 2.722E+02 7.508E-01 2.281E-03 4.692E-01 5.554E-01 3.394E-01 1.124E-02 7.525E-01
  224 4.208E+00 3.106E+00 2.803E+02 7.542E-01 2.334E-03 4.773E-01 5.668E-01 3.490E-01 1.154E-02 7.559E-01
  225 4.227E+00 3.124E+00 2.886E+02 7.576E-01 2.388E-03 4.854E-01 5.784E-01 3.589E-01 1.184E-02 7.593E-01
  226 4.246E+00 3.142E+00 2.971E+02 7.609E-01 2.441E-03 4.936E-01 5.901E-01 3.690E-01 1.215E-02 7.626E-01
  227 4.265E+00 3.159E+00 3.058E+02 7.643E-01 2.495E-03 5.017E-01 6.020E-01 3.793E-01 1.245E-02 7.660E-01
  228 4.284E+00 3.177E+00 3.148E+02 7.677E-01 2.548E-03 5.098E-01 6.141E-01 3.899E-01 1.277E-02 7.694E-01
  229 4.303E+00 3.193E+00 3.239E+02 7.710E-01 2.602E-03 5.178E-01 6.264E-01 4.007E-01 1.308E-02 7.727E-01
  230 4.321E+00 3.210E+00 3.333E+02 7.744E-01 2.655E-03 5.257E-01 6.388E-01 4.118E-01 1.340E-02 7.761E-01
  231 4.340E+00 3.226E+00 3.429E+02 7.778E-01 2.708E-03 5.335E-01 6.514E-01 4.231E-01 1.371E-02 7.795E-01
  232 4.359E+00 3.242E+00 3.527E+02 7.811E-01 2.760E-03 5.411E-01 6.642E-01 4.346E-01 1.403E-02 7.828E-01
  233 4.378E+00 3.258E+00 3.627E+02 7.845E-01 2.811E-03 5.486E-01 6.771E-01 4.464E-01 1.435E-02 7.862E-01
  234 4.397E+00 3.273E+00 3.730E+02 7.879E-01 2.860E-03 5.559E-01 6.901E-01 4.584E-01 1.466E-02 7.896E-01
  235 4.416E+00 3.287E+00 3.835E+02 7.912E-01 2.909E-03 5.629E-01 7.033E-01 4.707E-01 1.498E-02 7.929E-01
  236 4.435E+00 3.301E+00 3.941E+02 7.946E-01 2.955E-03 5.697E-01 7.167E-01 4.832E-01 1.528E-02 7.963E-01
  237 4.454E+00 3.314E+00 4.050E+02 7.980E-01 3.000E-03 5.761E-01 7.301E-01 4.959E-01 1.559E-02 7.997E-01
  238 4.472E+00 3.326E+00 4.161E+02 8.013E-01 3.042E-03 5.821E-01 7.436E-01 5.088E-01 1.588E-02 8.030E-01
  239 4.491E+00 3.338E+00 4.274E+02 8.047E-01 3.081E-03 5.877E-01 7.572E-01 5.220E-01 1.617E-02 8.064E-01
  240 4.510E+00 3.349E+00 4.389E+02 8.081E-01 3.117E-03 5.929E-01 7.709E-01 5.354E-01 1.645E-02 8.098E-01
  241 4.529E+00 3.358E+00 4.506E+02 8.114E-01 3.149E-03 5.975E-01 7.847E-01 5.489E-01 1.672E-02 8.131E-01
  242 4.548E+00 3.367E+00 4.625E+02 8.148E-01 3.178E-03 6.016E-01 7.985E-01 5.627E-01 1.697E-02 8.165E-01
  243 4.567E+00 3.375E+00 4.745E+02 8.182E-01 3.202E-03 6.050E-01 8.123E-01 5.766E-01 1.721E-02 8.199E-01
  244 4.586E+00 3.381E+00 4.867E+02 8.215E-01 3.221E-03 6.077E-01 8.261E-01 5.907E-01 1.742E-02 8.232E-01
  245 4.604E+00 3.386E+00 4.991E+02 8.249E-01 3.235E-03 6.096E-01 8.399E-01 6.049E-01 1.762E-02 8.266E-01
  246 4.623E+00 3.390E+00 5.116E+02 8.283E-01 3.243E-03 6.107E-01 8.536E-01 6.193E-01 1.780E-02 8.300E-01
  247 4.642E+00 3.392E+00 5.242E+02 8.316E-01 3.244E-03 6.109E-01 8.673E-01 6.338E-01 1.795E-02 8.333E-01
  248 4.661E+00 3.392E+00 5.369E+02 8.350E-01 3.239E-03 6.102E-01 8.808E-01 6.483E-01 1.808E-02 8.367E-01
  249 4.680E+00 3.391E+00 5.497E+02 8.384E-01 3.227E-03 6.085E-01 8.942E-01 6.629E-01 1.817E-02 8.401E-01
  250 4.699E+00 3.388E+00 5.626E+02 8.418E-01 3.207E-03 6.057E-01 9.075E-01 6.776E-01 1.823E-02 8.434E-01
  251 4.718E+00 3.382E+00 5.755E+02 8.451E-01 3.179E-03 6.017E-01 9.205E-01 6.923E-01 1.826E-02 8.468E-01
  252 4.737E+00 3.375E+00 5.885E+02 8.485E-01 3.143E-03 5.966E-01 9.333E-01 7.069E-01 1.825E-02 8.502E-01
  253 4.755E+00 3.365E+00 6.014E+02 8.519E-01 3.099E-03 5.903E-01 9.458E-01 7.215E-01 1.820E-02 8.535E-01
  254 4.774E+00 3.354E+00 6.143E+02 8.552E-01 3.046E-03 5.827E-01 9.581E-01 7.361E-01 1.810E-02 8.569E-01
  255 4.793E+00 3.339E+00 6.272E+02 8.586E-01 2.984E-03 5.738E-01 9.699E-01 7.505E-01 1.797E-02 8.603E-01
  256 4.812E+00 3.322E+00 6.400E+02 8.620E-01 2.913E-03 5.636E-01 9.814E-01 7.647E-01 1.779E-02 8.636E-01
  257 4.831E+00 3.302E+00 6.527E+02 8.653E-01 2.834E-03 5.521E-01 9.925E-01 7.788E-01 1.756E-02 8.670E-01
  258 4.850E+00 3.279E+00 6.652E+02 8.687E-01 2.747E-03 5.392E-01 1.003E+00 7.927E-01 1.728E-02 8.704E-01
  259 4.869E+00 3.254E+00 6.775E+02 8.721E-01 2.651E-03 5.251E-01 1.013E+00 8.063E-01 1.696E-02 8.737E-01
  260 4.888E+00 3.225E+00 6.897E+02 8.754E-01 2.548E-03 5.097E-01 1.023E+00 8.196E-01 1.659E-02 8.771E-01
  261 4.906E+00 3.193E+00 7.015E+02 8.788E-01 2.438E-03 4.931E-01 1.032E+00 8.326E-01 1.618E-02 8.805E-01
  262 4.925E+00 3.158E+00 7.132E+02 8.822E-01 2.322E-03 4.754E-01 1.040E+00 8.452E-01 1.571E-02 8.838E-01
  263 4.944E+00 3.120E+00 7.245E+02 8.855E-01 2.200E-03 4.566E-01 1.048E+00 8.574E-01 1.521E-02 8.872E-01
  264 4.963E+00 3.078E+00 7.354E+02 8.889E-01 2.075E-03 4.369E-01 1.055E+00 8.692E-01 1.466E-02 8.906E-01
  265 4.982E+00 3.033E+00 7.460E+02 8.923E-01 1.946E-03 4.163E-01 1.061E+00 8.805E-01 1.408E-02 8.939E-01
  266 5.001E+00 2.985E+00 7.563E+02 8.956E-01 1.814E-03 3.951E-01 1.067E+00 8.913E-01 1.346E-02 8.973E-01
  267 5.020E+00 2.933E+00 7.660E+02 8.990E-01 1.682E-03 3.733E-01 1.072E+00 9.016E-01 1.281E-02 9.007E-01
  268 5.039E+00 2.878E+00 7.754E+02 9.024E-01 1.550E-03 3.510E-01 1.076E+00 9.113E-01 1.214E-02 9.040E-01
  269 5.057E+00 2.820E+00 7.843E+02 9.057E-01 1.419E-03 3.286E-01 1.080E+00 9.205E-01 1.145E-02 9.074E-01
  270 5.076E+00 2.759E+00 7.927E+02 9.091E-01 1.290E-03 3.060E-01 1.082E+00 9.292E-01 1.074E-02 9.108E-01
  271 5.095E+00 2.694E+00 8.006E+02 9.125E-01 1.166E-03 2.835E-01 1.084E+00 9.372E-01 1.003E-02 9.141E-01
  272 5.114E+00 2.626E+00 8.080E+02 9.158E-01 1.046E-03 2.613E-01 1.086E+00 9.447E-01 9.308E-03 9.175E-01
  273 5.133E+00 2.556E+00 8.150E+02 9.192E-01 9.308E-04 2.395E-01 1.086E+00 9.516E-01 8.594E-03 9.209E-01
  274 5.152E+00 2.483E+00 8.214E+02 9.226E-01 8.224E-04 2.183E-01 1.086E+00 9.579E-01 7.889E-03 9.242E-01
  275 5.171E+00 2.407E+00 8.273E+02 9.259E-01 7.207E-04 1.977E-01 1.085E+00 9.636E-01 7.198E-03 9.276E-01
  276 5.189E+00 2.329E+00 8.328E+02 9.293E-01 6.264E-04 1.780E-01 1.084E+00 9.688E-01 6.526E-03 9.310E-01
  277 5.208E+00 2.249E+00 8.377E+02 9.327E-01 5.397E-04 1.591E-01 1.082E+00 9.735E-01 5.878E-03 9.343E-01
  278 5.227E+00 2.166E+00 8.422E+02 9.360E-01 4.607E-04 1.413E-01 1.079E+00 9.777E-01 5.258E-03 9.377E-01
  279 5.246E+00 2.082E+00 8.463E+02 9.394E-01 3.896E-04 1.246E-01 1.076E+00 9.814E-01 4.670E-03 9.411E-01
  280 5.265E+00 1.997E+00 8.499E+02 9.428E-01 3.261E-04 1.091E-01 1.072E+00 9.846E-01 4.116E-03 9.444E-01
  281 5.284E+00 1.910E+00 8.532E+02 9.461E-01 2.700E-04 9.466E-02 1.068E+00 9.874E-01 3.598E-03 9.478E-01
  282 5.303E+00 1.822E+00 8.561E+02 9.495E-01 2.210E-04 8.146E-02 1.064E+00 9.898E-01 3.118E-03 9.512E-01
  283 5.322E+00 1.733E+00 8.586E+02 9.529E-01 1.787E-04 6.945E-02 1.059E+00 9.919E-01 2.677E-03 9.545E-01
  284 5.340E+00 1.643E+00 8.608E+02 9.562E-01 1.425E-04 5.862E-02 1.054E+00 9.936E-01 2.276E-03 9.579E-01
  285 5.359E+00 1.553E+00 8.627E+02 9.596E-01 1.120E-04 4.894E-02 1.049E+00 9.951E-01 1.913E-03 9.613E-01
  286 5.378E+00 1.462E+00 8.644E+02 9.630E-01 8.666E-05 4.037E-02 1.043E+00 9.962E-01 1.589E-03 9.646E-01
  287 5.397E+00 1.371E+00 8.659E+02 9.663E-01 6.585E-05 3.285E-02 1.037E+00 9.972E-01 1.303E-03 9.680E-01
  288 5.416E+00 1.280E+00 8.671E+02 9.697E-01 4.904E-05 2.634E-02 1.032E+00 9.980E-01 1.051E-03 9.714E-01
  289 5.435E+00 1.189E+00 8.682E+02 9.731E-01 3.569E-05 2.075E-02 1.025E+00 9.986E-01 8.344E-04 9.747E-01
  290 5.454E+00 1.099E+00 8.691E+02 9.764E-01 2.530E-05 1.603E-02 1.019E+00 9.990E-01 6.491E-04 9.781E-01
  291 5.473E+00 1.008E+00 8.699E+02 9.798E-01 1.739E-05 1.210E-02 1.013E+00 9.994E-01 4.934E-04 9.815E-01
  292 5.491E+00 9.179E-01 8.706E+02 9.832E-01 1.152E-05 8.889E-03 1.007E+00 9.996E-01 3.648E-04 9.848E-01
  293 5.510E+00 8.281E-01 8.711E+02 9.865E-01 7.300E-06 6.312E-03 1.001E+00 9.998E-01 2.608E-04 9.882E-01
  294 5.529E+00 7.388E-01 8.717E+02 9.899E-01 4.374E-06 4.298E-03 9.944E-01 9.999E-01 1.788E-04 9.916E-01
  295 5.548E+00 6.500E-01 8.721E+02 9.933E-01 2.440E-06 2.774E-03 9.881E-01 9.999E-01 1.162E-04 9.949E-01
  296 5.567E+00 5.617E-01 8.726E+02 9.966E-01 1.100E-07 2.715E-04 9.819E-01 1.000E+00 1.126E-05 9.983E-01
  297 5.586E+00 2.589E-01 8.729E+02 9.999E-01 0.000E+00 0.000E+00 9.757E-01 1.000E+00 0.000E+00 0.000E+00
  298 5.605E+00 0.000E+00 8.733E+02 1.000E+00 0.000E+00 0.000E+00 0.000E+00 0.000E+00 0.000E+00 0.000E+00
